generation session Thu Dec 17 11:51:52 2020
   LoadParams (./in_param.dat) {
      Parameters were loaded
      Applying input{
         Parameters were checked
      }
   }
   GPU in use
   CreateParticles{
      particles generation...
      ... particles generation DONE
      Center of mass stabilized
   }
   stabTmp{
      devX and devM were filled with host data
      Acceleration were computed
Tmp_target = 2; Tmp_av = 2.03999; Tmp = 2.03071                        
   }
      SaveStars (./tst3_particles.xyz){
         Header was written
         Stars were saved(./tst3_particles.xyz)
   SaveParams(./tst3_param.dat){
      text part was written
      numeric part was written
   }
all is ok | gen Thu Dec 17 11:51:52 2020
generation session Thu Dec 17 11:53:44 2020
   LoadParams (./in_param.dat) {
      Parameters were loaded
      Applying input{
         Parameters were checked
      }
   }
   GPU in use
   CreateParticles{
      particles generation...
      ... particles generation DONE
      Center of mass stabilized
   }
   stabTmp{
      devX and devM were filled with host data
      Acceleration were computed
Tmp_target = 2; Tmp_av = 1.99859; Tmp = 2.0264                        
   }
      SaveStars (./tst3_particles.xyz){
         Header was written
         Stars were saved(./tst3_particles.xyz)
   SaveParams(./tst3_param.dat){
      text part was written
      numeric part was written
   }
all is ok | gen Thu Dec 17 11:53:44 2020
generation session Thu Dec 17 11:55:44 2020
   LoadParams (./in_param.dat) {
      Parameters were loaded
      Applying input{
         Parameters were checked
      }
   }
   GPU in use
   CreateParticles{
      particles generation...
      ... particles generation DONE
      Center of mass stabilized
   }
   stabTmp{
      devX and devM were filled with host data
      Acceleration were computed
Tmp_target = 2; Tmp_av = 1.98814; Tmp = 1.99763                        
   }
      SaveStars (./tst3_particles.xyz){
         Header was written
         Stars were saved(./tst3_particles.xyz)
   SaveParams(./tst3_param.dat){
      text part was written
      numeric part was written
   }
all is ok | gen Thu Dec 17 11:55:44 2020
