generation session Sat Mar  2 10:34:28 2019
   LoadParams (./tst_param.dat) {
      Parameters were loaded
      Applying input{
         Parameters were checked
      }
   }
   CPU in use
   CreateParticles{
      particles generation...
      ... particles generation DONE
      Center of mass was stabilized
   }
   stabTmp{
      Acceleration were computed
      v(1/2dt) for LPmode were computed
generation session Sat Mar  2 13:43:30 2019
   LoadParams (./tst_param.dat) {
      Parameters were loaded
      Applying input{

n > 0.7, so cristal structure will be used
         Parameters were checked
      }
   }
   CPU in use
   CreateParticles{
      particles generation...
generation session Wed Mar 20 20:23:23 2019
   LoadParams (./tst_param.dat) {
      Parameters were loaded
      Applying input{
         Parameters were checked
      }
   }
   GPU in use
   CreateParticles{
      particles generation...
      ... particles generation DONE
      Center of mass was stabilized
   }
   stabTmp{
      devX and devM were filled with host data
      Acceleration were computed
      v(1/2dt) for LPmode were computed
generation session Wed Mar 20 20:26:45 2019
   LoadParams (./tst_param.dat) {
      Parameters were loaded
      Applying input{
         Parameters were checked
      }
   }
   GPU in use
   CreateParticles{
      particles generation...
      ... particles generation DONE
      Center of mass was stabilized
   }
   stabTmp{
      devX and devM were filled with host data
      Acceleration were computed
      v(1/2dt) for LPmode were computed
