             x             y             z            Vx            Vy            Vz             m             N          Fnum        totalT
                                                                                                             100             0             0
      -24.5305      -57.3797      -86.2166      -3.91899      -2.10828      -1.67117            29
      -42.7344       44.2972      -50.7532       3.55219     -0.183963      -3.00584            29
       9.61398      -57.2291      -79.0762     -0.552394      0.594028       5.92889            29
       122.143       166.529       75.6839       4.35002       3.76153    -0.0831794            29
       155.703      -61.0735       136.195     -0.478118       1.09152      -4.49833            29
      -24.4079      -159.934      -69.2463    -0.0938214      -6.11193       0.33702            29
       -148.69       48.2697      -139.517       0.83807       5.16903       2.07405            29
       190.787      -189.309       128.416      0.301826       2.39296        4.5968            29
       105.005      -32.3037      -79.2827      -4.28911     -0.471152      -1.77165            29
       89.3211        143.16       41.0184      -5.30339        1.3583      0.674315            29
       55.6707      -85.2083       29.6936      -1.46872      -0.50324       4.17735            29
       2.96318      -118.502       12.2986     0.0463203       3.91755      -4.39283            29
      -96.5784       27.6633      -88.3753     -0.153676     0.0918861       4.99082            29
      -36.8696       -113.59      -159.112       2.73676       -5.5269      -1.47576            29
      -86.7444       170.289      -103.712       3.94383      -2.24866      -4.73708            29
       12.0853       196.704       1.21281      -4.58049     -0.143207       1.21895            29
       114.599       14.2883      -188.423      -1.89912      -5.24836      0.609359            29
      -158.491      -10.4783       107.271     0.0320541      0.251618      -4.47927            29
      -106.387       132.821      -193.874        1.7319       4.98529      0.958847            29
      -6.82817       175.002       139.352      -1.18253      0.841958       4.48956            29
       156.886      -38.1769      -50.0984       1.95357      0.591155       6.09803            29
      -26.8357       30.2835      -4.91269      -3.53269      -3.00032       1.96524            29
      -159.417       152.094       123.532      -2.71829       1.79864       5.56285            29
       65.3376       168.913       172.244       2.44704      -3.58012      -2.03846            29
      -80.9468      -122.478       88.7395       1.30285      -2.54409      -3.95604            29
       41.4865        80.032      -157.906       2.38675       1.85249      -5.90749            29
       90.4766      -162.894       157.856       1.68114       -1.8597       4.50133            29
       87.3948      -129.676       182.082      -3.57154      -2.21694       1.74824            29
       19.0947      -192.391       155.181     -0.753083      -1.70094        5.3325            29
      -165.213       162.205        164.57      -3.62023      -3.00608      -1.33041            29
      -155.051       -113.79      -36.7131      -0.79642      -3.36146       2.81099            29
       124.074      -156.954      -135.034       3.10162      -1.33838      -5.42919            29
       -58.809      -43.8525       90.7434       5.02958      -1.73862     -0.991068            29
      -15.8345      -66.0069       -171.68      -3.93774       3.41573         2.535            29
       19.8358       119.082       4.67889      -5.03744     -0.214196       2.76939            29
       150.162      -34.0078      -195.617       1.15488      -0.57105      -4.52027            29
      -121.602       35.7321       136.301       5.32547     -0.742988       2.35014            29
      -191.389      -118.082       131.242        2.8206        3.8895     -0.476134            29
       121.416       88.3763       48.9893       2.03353      -3.22776       2.58947            29
      -4.99002        140.47       90.7856       4.79046       -1.5619    -0.0904225            29
       163.708      -15.6816       174.574       4.67866       2.73242      -3.06381            29
       170.205      -30.0486       160.088       -3.9354      -2.03067      -1.38599            29
       43.2988       161.568       90.9492      -3.79985      -2.24733      -4.18792            29
       191.732       82.9905      -113.016     -0.945467       3.64776      -2.41131            29
      -132.008       6.93095        84.328      -1.23203        4.3547       1.78883            29
      -167.754       92.1261       77.0533        4.8308        1.3103        2.8496            29
      -164.152      -23.0504       175.234       3.05615      0.755842      -5.50192            29
      -172.257      -93.6158      -93.1806      -2.95406     -0.276645      -5.63102            29
       144.734      -107.072      -146.526     0.0866299      -4.15195       2.15226            29
      -132.189       185.656      -27.2724     -0.345233     -0.563253       5.72142            29
       77.4892       142.047      -111.354       3.31557     -0.917775      -3.75991            29
       71.3007      -41.9577       186.788      0.156705      -2.86264      -3.53643            29
      -6.88005       10.3009       -111.19       4.12299      -2.95426    -0.0372675            29
       91.9926       13.8926      -21.7032      0.160489      0.214437       5.10111            29
       178.977      -168.175       183.911      0.667007       1.44953      -4.43521            29
       186.019       161.191      -162.915      -1.66202      -5.74877      -1.49512            29
       126.869      -131.128      -191.075     -0.187739      -1.39902      -5.80902            29
       40.6516       -19.682       166.961     0.0021951     0.0446239      -5.31299            29
       14.9633      -124.832       159.146       3.19477    -0.0904113      -4.86043            29
      -94.1133      -17.8902       44.4592      0.823169      0.483883       5.58272            29
       139.623        70.916       67.4071      0.963464      -0.22348      -5.74524            29
      -109.422      -5.58516      -177.747      -2.44238       -5.8035     -0.891814            29
       162.403      -158.398       179.473        5.0429      0.133346       2.53428            29
       134.442      -39.1713       21.1948      -3.92441     -0.746522      -2.33545            29
       114.751       56.4263      -89.7807      -1.60852      -4.91435      -2.20963            29
      -180.502        147.27      -5.46255       5.16545      0.056408      0.202479            29
       199.403       22.9478      -44.1337       2.87983       -1.3513      -4.83917            29
      -84.3549      -48.4578      -171.471      -3.59676       1.71559       5.24955            29
      -121.843      -7.13882       50.2073        3.1812       1.55965      -4.14011            29
        146.55       139.239        117.29        0.8986     -0.759103      -5.58896            29
       173.682       149.882       180.623      -1.07617      -4.20299      -0.88508            29
       197.325       39.9086       5.10924      -1.14861      -5.27564      -1.32342            29
       120.937       -85.118       78.5555      0.450281        -4.916       4.39392            29
      -114.536       156.022       111.529       2.44294      -3.28891       5.15382            29
       53.7223      -142.038      -120.191      0.050888       0.32138      -4.56156            29
       158.949       70.6257      -147.228      0.671972       1.35797      -4.31542            29
       82.8998      -124.144      0.831345       0.40095       1.25873        5.3636            29
      -115.866      -41.0763       167.551       4.44939      -4.03278     -0.475014            29
      -54.0286      -135.347       -18.909       -3.0156      -3.45737       3.71365            29
       144.605      -65.8526       -18.961       3.62087      -2.58693       1.24023            29
      -94.7672       13.2788      -156.172      0.676093      0.486889       4.36382            29
      -148.164      -159.436      -154.232       2.60227        1.8119       5.38141            29
      -108.872       6.27161       97.9206     -0.505726      -6.12964       2.22807            29
       108.905       75.8504      -27.9958       1.08843      -1.38487       5.93095            29
       -102.61       123.445       4.61842      -3.73831        2.8804       2.30723            29
      -128.824      -197.966        183.83      -3.15955     -0.239243       3.76403            29
       151.473       -149.42      -134.957      -4.79263       1.62006     -0.390414            29
       196.465       77.1685      -150.917        2.0421        2.7398      -3.92386            29
       167.075      -168.772       184.462      -3.20126        3.2824       -3.9484            29
      -167.074      -46.1783       56.6101    -0.0212481      0.443951       6.37086            29
       193.166       86.8748       11.8975    -0.0884974     0.0351388       5.99307            29
      -151.443       -159.02      -6.01772      0.894137     -0.696745      -5.10797            29
       104.973       6.94136       135.649      -4.06155       4.44229      -1.73864            29
      -4.57552       131.614      -176.661       5.52052       2.28475      -2.77555            29
       98.4494      -118.409      -100.105      -4.37604       -2.7379     0.0605745            29
      -111.631       47.4891      -76.0476        1.1342       -2.1782      -4.44172            29
      -94.7131       124.545      -84.9045       -2.1294       -4.1792       2.53775            29
      -129.913      -194.351      -8.54268     -0.374324      0.555228      -4.91553            29
       148.853       161.102       60.6275      -3.35659       3.20036     -0.966754            29
       55.4249      -148.588      0.679749       3.64308     -0.921234       3.26167            29
