generation session Mon Jun 18 14:33:28 2018
   LoadParams (./tst_param.dat) {
      Parameters were loaded
      Applying input{
         Parameters were checked
      }
   }
   GPU in use
   CreateParticles{
      particles generation...
      ... particles generation DONE
      Center of mass was stabilized
   }
   stabTmp{
      devX and devM were filled with host data
      Acceleration were computed
      v(1/2dt) for LPmode were computed
Tmp_res = 2.43646; Tmp_av = 2.43646                        
   }
      SaveStars (./tst_particles.xyz){
         Header was written
         Stars were saved
      }(./tst_particles.xyz)
   SaveParams(./tst_param.dat){
      text part was written
      numeric part was written
   }
all is ok | gen Mon Jun 18 14:33:28 2018
generation session Mon Jun 18 14:36:51 2018
   LoadParams (./tst_param.dat) {
      Parameters were loaded
      Applying input{
         Parameters were checked
      }
   }
   GPU in use
   CreateParticles{
      particles generation...
      ... particles generation DONE
      Center of mass was stabilized
   }
   stabTmp{
      devX and devM were filled with host data
      Acceleration were computed
      v(1/2dt) for LPmode were computed
Tmp_res = 2.43785; Tmp_av = 2.43785                        
   }
      SaveStars (./tst_particles.xyz){
         Header was written
         Stars were saved
      }(./tst_particles.xyz)
   SaveParams(./tst_param.dat){
      text part was written
      numeric part was written
   }
all is ok | gen Mon Jun 18 14:36:51 2018
